{"numFailedTestSuites":0,"numFailedTests":0,"numPassedTestSuites":4,"numPassedTests":10,"numPendingTestSuites":0,"numPendingTests":0,"numRuntimeErrorTestSuites":0,"numTotalTestSuites":4,"numTotalTests":10,"snapshot":{"added":0,"didUpdate":false,"failure":false,"filesAdded":0,"filesRemoved":0,"filesUnmatched":0,"filesUpdated":0,"matched":0,"total":0,"unchecked":0,"unmatched":0,"updated":0},"startTime":1500594242975,"success":true,"testResults":[{"assertionResults":[{"failureMessages":[],"status":"passed","title":"calls configured endpoint and resolves with normalized weather data"},{"failureMessages":[],"status":"passed","title":"rejects with error on failure, logging error"}],"endTime":1500594244362,"message":"","name":"/app/src/io/weather.test.js","startTime":1500594243540,"status":"passed","summary":""},{"assertionResults":[{"failureMessages":[],"status":"passed","title":"passes Component"},{"failureMessages":[],"status":"passed","title":"connects cities and selectedCityId state to props"},{"failureMessages":[],"status":"passed","title":"connects onCitySelect prop to actions.loadCity dispatch"},{"failureMessages":[],"status":"passed","title":"renders dropdown with cities list and correct selectedCityId selected"},{"failureMessages":[],"status":"passed","title":"calls onCitySelect with new cityId on DropDownMenu change"}],"endTime":1500594245330,"message":"","name":"/app/src/ui/containers/CitySelector.test.js","startTime":1500594244388,"status":"passed","summary":""},{"assertionResults":[{"failureMessages":[],"status":"passed","title":"dispatches changeCityId, cityLoading and cityLoaded on successful fetch"},{"failureMessages":[],"status":"passed","title":"dispatches changeCityId, cityLoading and cityLoadFailed on failed fetch"}],"endTime":1500594245484,"message":"","name":"/app/src/state/actions.test.js","startTime":1500594245352,"status":"passed","summary":""},{"assertionResults":[{"failureMessages":[],"status":"passed","title":"sets isLoading true and resets hasError"}],"endTime":1500594245619,"message":"","name":"/app/src/state/reducer.test.js","startTime":1500594245506,"status":"passed","summary":""}],"wasInterrupted":false,"coverageMap":{"/app/src/io/weather.js":{"path":"/app/src/io/weather.js","statementMap":{"0":{"start":{"line":8,"column":2},"end":{"line":8,"column":21}},"1":{"start":{"line":12,"column":2},"end":{"line":15,"column":4}},"2":{"start":{"line":13,"column":17},"end":{"line":13,"column":71}},"3":{"start":{"line":14,"column":4},"end":{"line":14,"column":41}},"4":{"start":{"line":19,"column":2},"end":{"line":35,"column":3}},"5":{"start":{"line":20,"column":4},"end":{"line":34,"column":15}},"6":{"start":{"line":22,"column":23},"end":{"line":22,"column":64}},"7":{"start":{"line":24,"column":8},"end":{"line":31,"column":9}},"8":{"start":{"line":39,"column":14},"end":{"line":39,"column":43}},"9":{"start":{"line":41,"column":2},"end":{"line":51,"column":3}},"10":{"start":{"line":42,"column":13},"end":{"line":42,"column":39}},"11":{"start":{"line":44,"column":4},"end":{"line":50,"column":9}},"12":{"start":{"line":48,"column":8},"end":{"line":48,"column":48}},"13":{"start":{"line":49,"column":8},"end":{"line":49,"column":93}},"14":{"start":{"line":55,"column":23},"end":{"line":55,"column":53}},"15":{"start":{"line":57,"column":2},"end":{"line":59,"column":4}}},"fnMap":{"0":{"name":"getResponseJSON","decl":{"start":{"line":7,"column":9},"end":{"line":7,"column":24}},"loc":{"start":{"line":7,"column":31},"end":{"line":9,"column":1}},"line":7},"1":{"name":"getQueryBuilder","decl":{"start":{"line":11,"column":9},"end":{"line":11,"column":24}},"loc":{"start":{"line":11,"column":33},"end":{"line":16,"column":1}},"line":11},"2":{"name":"(anonymous_2)","decl":{"start":{"line":12,"column":9},"end":{"line":12,"column":10}},"loc":{"start":{"line":12,"column":18},"end":{"line":15,"column":3}},"line":12},"3":{"name":"format5DayResponse","decl":{"start":{"line":18,"column":9},"end":{"line":18,"column":27}},"loc":{"start":{"line":18,"column":43},"end":{"line":36,"column":1}},"line":18},"4":{"name":"(anonymous_4)","decl":{"start":{"line":19,"column":9},"end":{"line":19,"column":10}},"loc":{"start":{"line":19,"column":19},"end":{"line":35,"column":3}},"line":19},"5":{"name":"(anonymous_5)","decl":{"start":{"line":21,"column":11},"end":{"line":21,"column":12}},"loc":{"start":{"line":21,"column":25},"end":{"line":32,"column":7}},"line":21},"6":{"name":"get5Day","decl":{"start":{"line":38,"column":16},"end":{"line":38,"column":23}},"loc":{"start":{"line":38,"column":79},"end":{"line":52,"column":1}},"line":38},"7":{"name":"(anonymous_7)","decl":{"start":{"line":41,"column":9},"end":{"line":41,"column":10}},"loc":{"start":{"line":41,"column":21},"end":{"line":51,"column":3}},"line":41},"8":{"name":"(anonymous_8)","decl":{"start":{"line":47,"column":13},"end":{"line":47,"column":14}},"loc":{"start":{"line":47,"column":22},"end":{"line":50,"column":7}},"line":47},"9":{"name":"(anonymous_9)","decl":{"start":{"line":54,"column":15},"end":{"line":54,"column":16}},"loc":{"start":{"line":54,"column":64},"end":{"line":60,"column":1}},"line":54}},"branchMap":{},"s":{"0":1,"1":2,"2":2,"3":2,"4":2,"5":1,"6":4,"7":4,"8":2,"9":2,"10":2,"11":2,"12":1,"13":1,"14":2,"15":2},"f":{"0":1,"1":2,"2":2,"3":2,"4":1,"5":4,"6":2,"7":2,"8":1,"9":2},"b":{},"_coverageSchema":"332fd63041d2c1bcb487cc26dd0d5f7d97098a6c","hash":"8e769dccff763d58b070e7daa7a85fa7ca0bb649"},"/app/mocks/logger.js":{"path":"/app/mocks/logger.js","statementMap":{"0":{"start":{"line":3,"column":13},"end":{"line":3,"column":15}},"1":{"start":{"line":5,"column":2},"end":{"line":7,"column":5}},"2":{"start":{"line":6,"column":4},"end":{"line":6,"column":29}},"3":{"start":{"line":9,"column":2},"end":{"line":9,"column":14}}},"fnMap":{"0":{"name":"(anonymous_0)","decl":{"start":{"line":2,"column":15},"end":{"line":2,"column":16}},"loc":{"start":{"line":2,"column":26},"end":{"line":10,"column":1}},"line":2},"1":{"name":"(anonymous_1)","decl":{"start":{"line":5,"column":37},"end":{"line":5,"column":38}},"loc":{"start":{"line":5,"column":49},"end":{"line":7,"column":3}},"line":5}},"branchMap":{},"s":{"0":2,"1":2,"2":6,"3":2},"f":{"0":2,"1":6},"b":{},"_coverageSchema":"332fd63041d2c1bcb487cc26dd0d5f7d97098a6c","hash":"2269ebd8b87b451d6168ac1473465f31f6244550"},"/app/mocks/fetch.js":{"path":"/app/mocks/fetch.js","statementMap":{"0":{"start":{"line":2,"column":2},"end":{"line":11,"column":4}},"1":{"start":{"line":5,"column":8},"end":{"line":9,"column":9}},"2":{"start":{"line":7,"column":12},"end":{"line":7,"column":28}}},"fnMap":{"0":{"name":"(anonymous_0)","decl":{"start":{"line":1,"column":15},"end":{"line":1,"column":16}},"loc":{"start":{"line":1,"column":35},"end":{"line":12,"column":1}},"line":1},"1":{"name":"(anonymous_1)","decl":{"start":{"line":4,"column":12},"end":{"line":4,"column":13}},"loc":{"start":{"line":4,"column":18},"end":{"line":10,"column":7}},"line":4},"2":{"name":"(anonymous_2)","decl":{"start":{"line":6,"column":16},"end":{"line":6,"column":17}},"loc":{"start":{"line":6,"column":22},"end":{"line":8,"column":11}},"line":6}},"branchMap":{},"s":{"0":1,"1":1,"2":1},"f":{"0":1,"1":1,"2":1},"b":{},"_coverageSchema":"332fd63041d2c1bcb487cc26dd0d5f7d97098a6c","hash":"6e8a5438dad8fdd9c100b17f3dfc439d6da2bb96"},"/app/mocks/failingFetch.js":{"path":"/app/mocks/failingFetch.js","statementMap":{"0":{"start":{"line":2,"column":2},"end":{"line":4,"column":4}}},"fnMap":{"0":{"name":"(anonymous_0)","decl":{"start":{"line":1,"column":15},"end":{"line":1,"column":16}},"loc":{"start":{"line":1,"column":30},"end":{"line":5,"column":1}},"line":1}},"branchMap":{},"s":{"0":1},"f":{"0":1},"b":{},"_coverageSchema":"332fd63041d2c1bcb487cc26dd0d5f7d97098a6c","hash":"d9b2dcd83ebb26725e0e95bc3610f27a2fd31c1e"},"/app/src/ui/containers/CitySelector.js":{"path":"/app/src/ui/containers/CitySelector.js","statementMap":{"0":{"start":{"line":7,"column":26},"end":{"line":9,"column":1}},"1":{"start":{"line":8,"column":2},"end":{"line":8,"column":31}},"2":{"start":{"line":11,"column":25},"end":{"line":25,"column":1}},"3":{"start":{"line":12,"column":18},"end":{"line":14,"column":4}},"4":{"start":{"line":13,"column":4},"end":{"line":13,"column":103}},"5":{"start":{"line":16,"column":19},"end":{"line":18,"column":3}},"6":{"start":{"line":17,"column":4},"end":{"line":17,"column":22}},"7":{"start":{"line":20,"column":2},"end":{"line":24,"column":4}},"8":{"start":{"line":27,"column":0},"end":{"line":30,"column":2}},"9":{"start":{"line":33,"column":2},"end":{"line":47,"column":15}},"10":{"start":{"line":35,"column":6},"end":{"line":38,"column":7}},"11":{"start":{"line":41,"column":6},"end":{"line":45,"column":8}},"12":{"start":{"line":43,"column":10},"end":{"line":43,"column":45}}},"fnMap":{"0":{"name":"(anonymous_0)","decl":{"start":{"line":7,"column":26},"end":{"line":7,"column":27}},"loc":{"start":{"line":7,"column":45},"end":{"line":9,"column":1}},"line":7},"1":{"name":"(anonymous_1)","decl":{"start":{"line":11,"column":25},"end":{"line":11,"column":26}},"loc":{"start":{"line":11,"column":69},"end":{"line":25,"column":1}},"line":11},"2":{"name":"(anonymous_2)","decl":{"start":{"line":12,"column":29},"end":{"line":12,"column":30}},"loc":{"start":{"line":12,"column":39},"end":{"line":14,"column":3}},"line":12},"3":{"name":"(anonymous_3)","decl":{"start":{"line":16,"column":19},"end":{"line":16,"column":20}},"loc":{"start":{"line":16,"column":38},"end":{"line":18,"column":3}},"line":16},"4":{"name":"(anonymous_4)","decl":{"start":{"line":32,"column":15},"end":{"line":32,"column":16}},"loc":{"start":{"line":32,"column":57},"end":{"line":49,"column":1}},"line":32},"5":{"name":"(anonymous_5)","decl":{"start":{"line":34,"column":4},"end":{"line":34,"column":5}},"loc":{"start":{"line":34,"column":15},"end":{"line":39,"column":5}},"line":34},"6":{"name":"(anonymous_6)","decl":{"start":{"line":40,"column":4},"end":{"line":40,"column":5}},"loc":{"start":{"line":40,"column":18},"end":{"line":46,"column":5}},"line":40},"7":{"name":"(anonymous_7)","decl":{"start":{"line":42,"column":22},"end":{"line":42,"column":23}},"loc":{"start":{"line":42,"column":34},"end":{"line":44,"column":9}},"line":42}},"branchMap":{},"s":{"0":1,"1":6,"2":1,"3":2,"4":4,"5":2,"6":1,"7":2,"8":1,"9":1,"10":1,"11":1,"12":1},"f":{"0":6,"1":2,"2":4,"3":1,"4":1,"5":1,"6":1,"7":1},"b":{},"_coverageSchema":"332fd63041d2c1bcb487cc26dd0d5f7d97098a6c","hash":"6fe63cbb6c76771ab8aa232cfe1fff7dd1f42af2"},"/app/src/state/actions.js":{"path":"/app/src/state/actions.js","statementMap":{"0":{"start":{"line":2,"column":27},"end":{"line":7,"column":1}},"1":{"start":{"line":10,"column":18},"end":{"line":53,"column":3}},"2":{"start":{"line":13,"column":6},"end":{"line":16,"column":7}},"3":{"start":{"line":20,"column":6},"end":{"line":31,"column":7}},"4":{"start":{"line":21,"column":8},"end":{"line":21,"column":44}},"5":{"start":{"line":22,"column":8},"end":{"line":22,"column":37}},"6":{"start":{"line":24,"column":8},"end":{"line":30,"column":13}},"7":{"start":{"line":26,"column":12},"end":{"line":26,"column":44}},"8":{"start":{"line":29,"column":12},"end":{"line":29,"column":47}},"9":{"start":{"line":35,"column":6},"end":{"line":37,"column":8}},"10":{"start":{"line":41,"column":6},"end":{"line":44,"column":8}},"11":{"start":{"line":48,"column":6},"end":{"line":51,"column":7}},"12":{"start":{"line":55,"column":2},"end":{"line":58,"column":4}}},"fnMap":{"0":{"name":"instance","decl":{"start":{"line":9,"column":16},"end":{"line":9,"column":24}},"loc":{"start":{"line":9,"column":33},"end":{"line":59,"column":1}},"line":9},"1":{"name":"(anonymous_1)","decl":{"start":{"line":20,"column":13},"end":{"line":20,"column":14}},"loc":{"start":{"line":20,"column":27},"end":{"line":31,"column":7}},"line":20},"2":{"name":"(anonymous_2)","decl":{"start":{"line":25,"column":16},"end":{"line":25,"column":17}},"loc":{"start":{"line":25,"column":26},"end":{"line":27,"column":11}},"line":25},"3":{"name":"(anonymous_3)","decl":{"start":{"line":28,"column":17},"end":{"line":28,"column":18}},"loc":{"start":{"line":28,"column":26},"end":{"line":30,"column":11}},"line":28}},"branchMap":{},"s":{"0":2,"1":3,"2":4,"3":2,"4":2,"5":2,"6":2,"7":1,"8":1,"9":4,"10":2,"11":2,"12":3},"f":{"0":3,"1":2,"2":1,"3":1},"b":{},"_coverageSchema":"332fd63041d2c1bcb487cc26dd0d5f7d97098a6c","hash":"bd79c6b6647dbbdc72993576fd6389e0342f0c7b"},"/app/src/state/reducer.js":{"path":"/app/src/state/reducer.js","statementMap":{"0":{"start":{"line":4,"column":2},"end":{"line":36,"column":3}},"1":{"start":{"line":5,"column":4},"end":{"line":35,"column":5}},"2":{"start":{"line":8,"column":8},"end":{"line":11,"column":11}},"3":{"start":{"line":14,"column":8},"end":{"line":19,"column":11}},"4":{"start":{"line":22,"column":8},"end":{"line":24,"column":11}},"5":{"start":{"line":27,"column":8},"end":{"line":31,"column":10}},"6":{"start":{"line":34,"column":8},"end":{"line":34,"column":21}}},"fnMap":{"0":{"name":"instance","decl":{"start":{"line":3,"column":16},"end":{"line":3,"column":24}},"loc":{"start":{"line":3,"column":42},"end":{"line":37,"column":1}},"line":3},"1":{"name":"(anonymous_1)","decl":{"start":{"line":4,"column":9},"end":{"line":4,"column":10}},"loc":{"start":{"line":4,"column":28},"end":{"line":36,"column":3}},"line":4}},"branchMap":{"0":{"loc":{"start":{"line":5,"column":4},"end":{"line":35,"column":5}},"type":"switch","locations":[{"start":{"line":7,"column":6},"end":{"line":11,"column":11}},{"start":{"line":13,"column":6},"end":{"line":19,"column":11}},{"start":{"line":21,"column":6},"end":{"line":24,"column":11}},{"start":{"line":26,"column":6},"end":{"line":31,"column":10}},{"start":{"line":33,"column":6},"end":{"line":34,"column":21}}],"line":5}},"s":{"0":1,"1":1,"2":1,"3":0,"4":0,"5":0,"6":0},"f":{"0":1,"1":1},"b":{"0":[1,0,0,0,0]},"_coverageSchema":"332fd63041d2c1bcb487cc26dd0d5f7d97098a6c","hash":"6cb8d09255d027e9cc86ed7ce0246909aa538bdf"}}}